{"C:\\Users\\Lgkvi\\Desktop\\fs2021\\blog\\backend\\app.js": {"path":"C:\\Users\\Lgkvi\\Desktop\\fs2021\\blog\\backend\\app.js","statementMap":{"0":{"start":{"line":1,"column":15},"end":{"line":1,"column":40}},"1":{"start":{"line":2,"column":16},"end":{"line":2,"column":34}},"2":{"start":{"line":3,"column":12},"end":{"line":3,"column":21}},"3":{"start":{"line":4,"column":13},"end":{"line":4,"column":28}},"4":{"start":{"line":5,"column":20},"end":{"line":5,"column":50}},"5":{"start":{"line":6,"column":19},"end":{"line":6,"column":48}},"6":{"start":{"line":7,"column":0},"end":{"line":7,"column":33}},"7":{"start":{"line":8,"column":15},"end":{"line":8,"column":40}},"8":{"start":{"line":9,"column":17},"end":{"line":9,"column":36}},"9":{"start":{"line":11,"column":0},"end":{"line":11,"column":48}},"10":{"start":{"line":13,"column":0},"end":{"line":19,"column":4}},"11":{"start":{"line":15,"column":4},"end":{"line":15,"column":39}},"12":{"start":{"line":18,"column":4},"end":{"line":18,"column":63}},"13":{"start":{"line":21,"column":0},"end":{"line":21,"column":15}},"14":{"start":{"line":22,"column":0},"end":{"line":22,"column":32}},"15":{"start":{"line":23,"column":0},"end":{"line":23,"column":23}},"16":{"start":{"line":24,"column":0},"end":{"line":24,"column":33}},"17":{"start":{"line":26,"column":0},"end":{"line":26,"column":30}},"18":{"start":{"line":29,"column":0},"end":{"line":29,"column":35}},"19":{"start":{"line":30,"column":0},"end":{"line":30,"column":32}},"20":{"start":{"line":35,"column":0},"end":{"line":35,"column":20}}},"fnMap":{"0":{"name":"(anonymous_0)","decl":{"start":{"line":14,"column":8},"end":{"line":14,"column":9}},"loc":{"start":{"line":14,"column":14},"end":{"line":16,"column":3}},"line":14},"1":{"name":"(anonymous_1)","decl":{"start":{"line":17,"column":9},"end":{"line":17,"column":10}},"loc":{"start":{"line":17,"column":20},"end":{"line":19,"column":3}},"line":17}},"branchMap":{},"s":{"0":1,"1":1,"2":1,"3":1,"4":1,"5":1,"6":1,"7":1,"8":1,"9":1,"10":1,"11":1,"12":0,"13":1,"14":1,"15":1,"16":1,"17":1,"18":1,"19":1,"20":1},"f":{"0":1,"1":0},"b":{},"_coverageSchema":"1a1c01bbd47fc00a2c39e90264f33305004495a9","hash":"b07e361007217886f717e6d745a9b92e0264b0c6"}
,"C:\\Users\\Lgkvi\\Desktop\\fs2021\\blog\\backend\\controllers\\blogs.js": {"path":"C:\\Users\\Lgkvi\\Desktop\\fs2021\\blog\\backend\\controllers\\blogs.js","statementMap":{"0":{"start":{"line":1,"column":20},"end":{"line":1,"column":47}},"1":{"start":{"line":2,"column":13},"end":{"line":2,"column":38}},"2":{"start":{"line":4,"column":0},"end":{"line":8,"column":2}},"3":{"start":{"line":5,"column":16},"end":{"line":5,"column":35}},"4":{"start":{"line":6,"column":2},"end":{"line":7,"column":3}},"5":{"start":{"line":6,"column":34},"end":{"line":6,"column":47}},"6":{"start":{"line":10,"column":0},"end":{"line":26,"column":2}},"7":{"start":{"line":11,"column":15},"end":{"line":11,"column":27}},"8":{"start":{"line":13,"column":15},"end":{"line":18,"column":4}},"9":{"start":{"line":19,"column":2},"end":{"line":25,"column":3}},"10":{"start":{"line":20,"column":20},"end":{"line":20,"column":37}},"11":{"start":{"line":21,"column":2},"end":{"line":21,"column":35}},"12":{"start":{"line":23,"column":4},"end":{"line":23,"column":42}},"13":{"start":{"line":28,"column":0},"end":{"line":35,"column":2}},"14":{"start":{"line":29,"column":15},"end":{"line":29,"column":53}},"15":{"start":{"line":30,"column":6},"end":{"line":34,"column":7}},"16":{"start":{"line":31,"column":8},"end":{"line":31,"column":27}},"17":{"start":{"line":33,"column":8},"end":{"line":33,"column":46}},"18":{"start":{"line":37,"column":0},"end":{"line":52,"column":2}},"19":{"start":{"line":38,"column":15},"end":{"line":38,"column":27}},"20":{"start":{"line":40,"column":15},"end":{"line":45,"column":3}},"21":{"start":{"line":47,"column":2},"end":{"line":51,"column":32}},"22":{"start":{"line":49,"column":6},"end":{"line":49,"column":41}},"23":{"start":{"line":51,"column":20},"end":{"line":51,"column":31}},"24":{"start":{"line":54,"column":0},"end":{"line":60,"column":2}},"25":{"start":{"line":55,"column":2},"end":{"line":59,"column":32}},"26":{"start":{"line":57,"column":6},"end":{"line":57,"column":32}},"27":{"start":{"line":59,"column":20},"end":{"line":59,"column":31}},"28":{"start":{"line":63,"column":0},"end":{"line":63,"column":28}}},"fnMap":{"0":{"name":"(anonymous_0)","decl":{"start":{"line":4,"column":21},"end":{"line":4,"column":22}},"loc":{"start":{"line":4,"column":50},"end":{"line":8,"column":1}},"line":4},"1":{"name":"(anonymous_1)","decl":{"start":{"line":6,"column":26},"end":{"line":6,"column":27}},"loc":{"start":{"line":6,"column":34},"end":{"line":6,"column":47}},"line":6},"2":{"name":"(anonymous_2)","decl":{"start":{"line":10,"column":22},"end":{"line":10,"column":23}},"loc":{"start":{"line":10,"column":57},"end":{"line":26,"column":1}},"line":10},"3":{"name":"(anonymous_3)","decl":{"start":{"line":28,"column":24},"end":{"line":28,"column":25}},"loc":{"start":{"line":28,"column":59},"end":{"line":35,"column":1}},"line":28},"4":{"name":"(anonymous_4)","decl":{"start":{"line":37,"column":24},"end":{"line":37,"column":25}},"loc":{"start":{"line":37,"column":59},"end":{"line":52,"column":1}},"line":37},"5":{"name":"(anonymous_5)","decl":{"start":{"line":48,"column":10},"end":{"line":48,"column":11}},"loc":{"start":{"line":48,"column":25},"end":{"line":50,"column":5}},"line":48},"6":{"name":"(anonymous_6)","decl":{"start":{"line":51,"column":11},"end":{"line":51,"column":12}},"loc":{"start":{"line":51,"column":20},"end":{"line":51,"column":31}},"line":51},"7":{"name":"(anonymous_7)","decl":{"start":{"line":54,"column":27},"end":{"line":54,"column":28}},"loc":{"start":{"line":54,"column":62},"end":{"line":60,"column":1}},"line":54},"8":{"name":"(anonymous_8)","decl":{"start":{"line":56,"column":10},"end":{"line":56,"column":11}},"loc":{"start":{"line":56,"column":16},"end":{"line":58,"column":5}},"line":56},"9":{"name":"(anonymous_9)","decl":{"start":{"line":59,"column":11},"end":{"line":59,"column":12}},"loc":{"start":{"line":59,"column":20},"end":{"line":59,"column":31}},"line":59}},"branchMap":{},"s":{"0":1,"1":1,"2":1,"3":4,"4":4,"5":8,"6":1,"7":2,"8":2,"9":2,"10":2,"11":1,"12":1,"13":1,"14":0,"15":0,"16":0,"17":0,"18":1,"19":0,"20":0,"21":0,"22":0,"23":0,"24":1,"25":0,"26":0,"27":0,"28":1},"f":{"0":4,"1":8,"2":2,"3":0,"4":0,"5":0,"6":0,"7":0,"8":0,"9":0},"b":{},"_coverageSchema":"1a1c01bbd47fc00a2c39e90264f33305004495a9","hash":"9c58853f07b34f42f6c31f276b19b87dcafafd71"}
,"C:\\Users\\Lgkvi\\Desktop\\fs2021\\blog\\backend\\models\\blog.js": {"path":"C:\\Users\\Lgkvi\\Desktop\\fs2021\\blog\\backend\\models\\blog.js","statementMap":{"0":{"start":{"line":1,"column":17},"end":{"line":1,"column":36}},"1":{"start":{"line":3,"column":19},"end":{"line":14,"column":4}},"2":{"start":{"line":16,"column":0},"end":{"line":22,"column":2}},"3":{"start":{"line":18,"column":4},"end":{"line":18,"column":53}},"4":{"start":{"line":19,"column":4},"end":{"line":19,"column":29}},"5":{"start":{"line":20,"column":4},"end":{"line":20,"column":29}},"6":{"start":{"line":24,"column":0},"end":{"line":24,"column":51}}},"fnMap":{"0":{"name":"(anonymous_0)","decl":{"start":{"line":17,"column":13},"end":{"line":17,"column":14}},"loc":{"start":{"line":17,"column":43},"end":{"line":21,"column":3}},"line":17}},"branchMap":{},"s":{"0":1,"1":1,"2":1,"3":14,"4":14,"5":14,"6":1},"f":{"0":14},"b":{},"_coverageSchema":"1a1c01bbd47fc00a2c39e90264f33305004495a9","hash":"c775bc8251fd763c8a3ac6bfd777daa391037e7c"}
,"C:\\Users\\Lgkvi\\Desktop\\fs2021\\blog\\backend\\tests\\test_helper.js": {"path":"C:\\Users\\Lgkvi\\Desktop\\fs2021\\blog\\backend\\tests\\test_helper.js","statementMap":{"0":{"start":{"line":1,"column":13},"end":{"line":1,"column":38}},"1":{"start":{"line":3,"column":21},"end":{"line":14,"column":1}},"2":{"start":{"line":16,"column":22},"end":{"line":22,"column":1}},"3":{"start":{"line":17,"column":15},"end":{"line":17,"column":87}},"4":{"start":{"line":18,"column":2},"end":{"line":18,"column":19}},"5":{"start":{"line":19,"column":2},"end":{"line":19,"column":21}},"6":{"start":{"line":21,"column":2},"end":{"line":21,"column":28}},"7":{"start":{"line":24,"column":18},"end":{"line":27,"column":1}},"8":{"start":{"line":25,"column":16},"end":{"line":25,"column":35}},"9":{"start":{"line":26,"column":2},"end":{"line":26,"column":41}},"10":{"start":{"line":26,"column":27},"end":{"line":26,"column":40}},"11":{"start":{"line":29,"column":0},"end":{"line":31,"column":1}}},"fnMap":{"0":{"name":"(anonymous_0)","decl":{"start":{"line":16,"column":22},"end":{"line":16,"column":23}},"loc":{"start":{"line":16,"column":34},"end":{"line":22,"column":1}},"line":16},"1":{"name":"(anonymous_1)","decl":{"start":{"line":24,"column":18},"end":{"line":24,"column":19}},"loc":{"start":{"line":24,"column":30},"end":{"line":27,"column":1}},"line":24},"2":{"name":"(anonymous_2)","decl":{"start":{"line":26,"column":19},"end":{"line":26,"column":20}},"loc":{"start":{"line":26,"column":27},"end":{"line":26,"column":40}},"line":26}},"branchMap":{},"s":{"0":1,"1":1,"2":1,"3":0,"4":0,"5":0,"6":0,"7":1,"8":2,"9":2,"10":5,"11":1},"f":{"0":0,"1":2,"2":5},"b":{},"_coverageSchema":"1a1c01bbd47fc00a2c39e90264f33305004495a9","hash":"a478a24088adedabd6ffe19f6cf1148fb33192e0"}
,"C:\\Users\\Lgkvi\\Desktop\\fs2021\\blog\\backend\\utils\\config.js": {"path":"C:\\Users\\Lgkvi\\Desktop\\fs2021\\blog\\backend\\utils\\config.js","statementMap":{"0":{"start":{"line":1,"column":0},"end":{"line":1,"column":26}},"1":{"start":{"line":3,"column":11},"end":{"line":3,"column":27}},"2":{"start":{"line":4,"column":18},"end":{"line":4,"column":41}},"3":{"start":{"line":6,"column":0},"end":{"line":8,"column":1}},"4":{"start":{"line":7,"column":2},"end":{"line":7,"column":44}},"5":{"start":{"line":10,"column":0},"end":{"line":13,"column":1}}},"fnMap":{},"branchMap":{"0":{"loc":{"start":{"line":6,"column":0},"end":{"line":8,"column":1}},"type":"if","locations":[{"start":{"line":6,"column":0},"end":{"line":8,"column":1}},{"start":{},"end":{}}],"line":6}},"s":{"0":1,"1":1,"2":1,"3":1,"4":1,"5":1},"f":{},"b":{"0":[1,0]},"_coverageSchema":"1a1c01bbd47fc00a2c39e90264f33305004495a9","hash":"e4bcfbcf3724de56fe990a2b8b348a842d4e0bef"}
,"C:\\Users\\Lgkvi\\Desktop\\fs2021\\blog\\backend\\utils\\list_helper.js": {"path":"C:\\Users\\Lgkvi\\Desktop\\fs2021\\blog\\backend\\utils\\list_helper.js","statementMap":{"0":{"start":{"line":1,"column":17},"end":{"line":1,"column":36}},"1":{"start":{"line":33,"column":26},"end":{"line":36,"column":5}},"2":{"start":{"line":34,"column":21},"end":{"line":34,"column":74}},"3":{"start":{"line":34,"column":48},"end":{"line":34,"column":73}},"4":{"start":{"line":35,"column":8},"end":{"line":35,"column":26}},"5":{"start":{"line":37,"column":4},"end":{"line":39,"column":13}}},"fnMap":{"0":{"name":"(anonymous_0)","decl":{"start":{"line":33,"column":26},"end":{"line":33,"column":27}},"loc":{"start":{"line":33,"column":42},"end":{"line":36,"column":5}},"line":33},"1":{"name":"(anonymous_1)","decl":{"start":{"line":34,"column":39},"end":{"line":34,"column":40}},"loc":{"start":{"line":34,"column":48},"end":{"line":34,"column":73}},"line":34}},"branchMap":{"0":{"loc":{"start":{"line":34,"column":48},"end":{"line":34,"column":73}},"type":"cond-expr","locations":[{"start":{"line":34,"column":68},"end":{"line":34,"column":69}},{"start":{"line":34,"column":72},"end":{"line":34,"column":73}}],"line":34}},"s":{"0":1,"1":1,"2":1,"3":3,"4":1,"5":1},"f":{"0":1,"1":3},"b":{"0":[3,0]},"_coverageSchema":"1a1c01bbd47fc00a2c39e90264f33305004495a9","hash":"e03db7b16f0c179258adca99f8346654957dd961"}
,"C:\\Users\\Lgkvi\\Desktop\\fs2021\\blog\\backend\\utils\\logger.js": {"path":"C:\\Users\\Lgkvi\\Desktop\\fs2021\\blog\\backend\\utils\\logger.js","statementMap":{"0":{"start":{"line":2,"column":13},"end":{"line":6,"column":1}},"1":{"start":{"line":3,"column":2},"end":{"line":5,"column":3}},"2":{"start":{"line":4,"column":4},"end":{"line":4,"column":26}},"3":{"start":{"line":8,"column":14},"end":{"line":10,"column":1}},"4":{"start":{"line":9,"column":2},"end":{"line":9,"column":26}},"5":{"start":{"line":12,"column":0},"end":{"line":14,"column":1}}},"fnMap":{"0":{"name":"(anonymous_0)","decl":{"start":{"line":2,"column":13},"end":{"line":2,"column":14}},"loc":{"start":{"line":2,"column":28},"end":{"line":6,"column":1}},"line":2},"1":{"name":"(anonymous_1)","decl":{"start":{"line":8,"column":14},"end":{"line":8,"column":15}},"loc":{"start":{"line":8,"column":29},"end":{"line":10,"column":1}},"line":8}},"branchMap":{"0":{"loc":{"start":{"line":3,"column":2},"end":{"line":5,"column":3}},"type":"if","locations":[{"start":{"line":3,"column":2},"end":{"line":5,"column":3}},{"start":{},"end":{}}],"line":3}},"s":{"0":1,"1":50,"2":0,"3":1,"4":0,"5":1},"f":{"0":50,"1":0},"b":{"0":[0,50]},"_coverageSchema":"1a1c01bbd47fc00a2c39e90264f33305004495a9","hash":"04b02ec7d995aad31f73f919cba1543504df6773"}
,"C:\\Users\\Lgkvi\\Desktop\\fs2021\\blog\\backend\\utils\\middleware.js": {"path":"C:\\Users\\Lgkvi\\Desktop\\fs2021\\blog\\backend\\utils\\middleware.js","statementMap":{"0":{"start":{"line":2,"column":15},"end":{"line":2,"column":34}},"1":{"start":{"line":4,"column":22},"end":{"line":10,"column":1}},"2":{"start":{"line":5,"column":2},"end":{"line":5,"column":40}},"3":{"start":{"line":6,"column":2},"end":{"line":6,"column":38}},"4":{"start":{"line":7,"column":2},"end":{"line":7,"column":38}},"5":{"start":{"line":8,"column":2},"end":{"line":8,"column":20}},"6":{"start":{"line":9,"column":2},"end":{"line":9,"column":8}},"7":{"start":{"line":12,"column":24},"end":{"line":14,"column":1}},"8":{"start":{"line":13,"column":2},"end":{"line":13,"column":58}},"9":{"start":{"line":16,"column":21},"end":{"line":26,"column":1}},"10":{"start":{"line":17,"column":2},"end":{"line":17,"column":29}},"11":{"start":{"line":19,"column":2},"end":{"line":23,"column":3}},"12":{"start":{"line":20,"column":4},"end":{"line":20,"column":66}},"13":{"start":{"line":21,"column":9},"end":{"line":23,"column":3}},"14":{"start":{"line":22,"column":4},"end":{"line":22,"column":62}},"15":{"start":{"line":25,"column":2},"end":{"line":25,"column":13}},"16":{"start":{"line":28,"column":0},"end":{"line":32,"column":1}}},"fnMap":{"0":{"name":"(anonymous_0)","decl":{"start":{"line":4,"column":22},"end":{"line":4,"column":23}},"loc":{"start":{"line":4,"column":51},"end":{"line":10,"column":1}},"line":4},"1":{"name":"(anonymous_1)","decl":{"start":{"line":12,"column":24},"end":{"line":12,"column":25}},"loc":{"start":{"line":12,"column":47},"end":{"line":14,"column":1}},"line":12},"2":{"name":"(anonymous_2)","decl":{"start":{"line":16,"column":21},"end":{"line":16,"column":22}},"loc":{"start":{"line":16,"column":57},"end":{"line":26,"column":1}},"line":16}},"branchMap":{"0":{"loc":{"start":{"line":19,"column":2},"end":{"line":23,"column":3}},"type":"if","locations":[{"start":{"line":19,"column":2},"end":{"line":23,"column":3}},{"start":{"line":21,"column":9},"end":{"line":23,"column":3}}],"line":19},"1":{"loc":{"start":{"line":19,"column":6},"end":{"line":19,"column":61}},"type":"binary-expr","locations":[{"start":{"line":19,"column":6},"end":{"line":19,"column":32}},{"start":{"line":19,"column":36},"end":{"line":19,"column":61}}],"line":19},"2":{"loc":{"start":{"line":21,"column":9},"end":{"line":23,"column":3}},"type":"if","locations":[{"start":{"line":21,"column":9},"end":{"line":23,"column":3}},{"start":{},"end":{}}],"line":21}},"s":{"0":1,"1":1,"2":12,"3":12,"4":12,"5":12,"6":12,"7":1,"8":0,"9":1,"10":0,"11":0,"12":0,"13":0,"14":0,"15":0,"16":1},"f":{"0":12,"1":0,"2":0},"b":{"0":[0,0],"1":[0,0],"2":[0,0]},"_coverageSchema":"1a1c01bbd47fc00a2c39e90264f33305004495a9","hash":"533254566d118065d5fd9e4754c0f23e3f830345"}
}
