TN:
SF:app.js
FN:14,(anonymous_0)
FN:17,(anonymous_1)
FNF:2
FNH:1
FNDA:1,(anonymous_0)
FNDA:0,(anonymous_1)
DA:1,1
DA:2,1
DA:3,1
DA:4,1
DA:5,1
DA:6,1
DA:7,1
DA:8,1
DA:9,1
DA:11,1
DA:13,1
DA:15,1
DA:18,0
DA:21,1
DA:22,1
DA:23,1
DA:24,1
DA:26,1
DA:27,1
DA:32,1
LF:20
LH:19
BRF:0
BRH:0
end_of_record
TN:
SF:controllers\blogs.js
FN:9,(anonymous_0)
FN:14,(anonymous_1)
FN:23,(anonymous_2)
FN:41,(anonymous_3)
FN:43,(anonymous_4)
FN:46,(anonymous_5)
FN:49,(anonymous_6)
FN:58,(anonymous_7)
FN:61,(anonymous_8)
FNF:9
FNH:2
FNDA:4,(anonymous_0)
FNDA:0,(anonymous_1)
FNDA:2,(anonymous_2)
FNDA:0,(anonymous_3)
FNDA:0,(anonymous_4)
FNDA:0,(anonymous_5)
FNDA:0,(anonymous_6)
FNDA:0,(anonymous_7)
FNDA:0,(anonymous_8)
DA:1,1
DA:2,1
DA:3,1
DA:6,1
DA:7,1
DA:9,1
DA:10,4
DA:11,4
DA:14,1
DA:15,0
DA:16,0
DA:17,0
DA:19,0
DA:23,1
DA:24,2
DA:25,2
DA:27,2
DA:33,2
DA:34,2
DA:35,1
DA:37,1
DA:41,1
DA:42,0
DA:44,0
DA:46,0
DA:49,1
DA:50,0
DA:52,0
DA:57,0
DA:59,0
DA:61,0
DA:64,1
LF:32
LH:20
BRF:0
BRH:0
end_of_record
TN:
SF:models\blog.js
FN:17,(anonymous_0)
FNF:1
FNH:1
FNDA:14,(anonymous_0)
DA:1,1
DA:3,1
DA:16,1
DA:18,14
DA:19,14
DA:20,14
DA:24,1
LF:7
LH:7
BRF:0
BRH:0
end_of_record
TN:
SF:tests\test_helper.js
FN:16,(anonymous_0)
FN:24,(anonymous_1)
FN:26,(anonymous_2)
FNF:3
FNH:2
FNDA:0,(anonymous_0)
FNDA:2,(anonymous_1)
FNDA:5,(anonymous_2)
DA:1,1
DA:3,1
DA:16,1
DA:17,0
DA:18,0
DA:19,0
DA:21,0
DA:24,1
DA:25,2
DA:26,5
DA:29,1
LF:11
LH:7
BRF:0
BRH:0
end_of_record
TN:
SF:utils\config.js
FNF:0
FNH:0
DA:1,1
DA:3,1
DA:4,1
DA:8,1
LF:4
LH:4
BRDA:4,0,0,1
BRDA:4,0,1,0
BRF:2
BRH:1
end_of_record
TN:
SF:utils\list_helper.js
FN:33,(anonymous_0)
FN:34,(anonymous_1)
FNF:2
FNH:2
FNDA:1,(anonymous_0)
FNDA:3,(anonymous_1)
DA:1,1
DA:33,1
DA:34,3
DA:35,1
DA:37,1
LF:5
LH:5
BRDA:34,0,0,3
BRDA:34,0,1,0
BRF:2
BRH:1
end_of_record
TN:
SF:utils\logger.js
FN:1,(anonymous_0)
FN:5,(anonymous_1)
FNF:2
FNH:2
FNDA:26,(anonymous_0)
FNDA:1,(anonymous_1)
DA:1,1
DA:2,26
DA:5,1
DA:6,1
DA:9,1
LF:5
LH:5
BRF:0
BRH:0
end_of_record
TN:
SF:utils\middleware.js
FN:3,(anonymous_0)
FN:11,(anonymous_1)
FN:15,(anonymous_2)
FNF:3
FNH:2
FNDA:6,(anonymous_0)
FNDA:0,(anonymous_1)
FNDA:1,(anonymous_2)
DA:1,1
DA:3,1
DA:4,6
DA:5,6
DA:6,6
DA:7,6
DA:8,6
DA:11,1
DA:12,0
DA:15,1
DA:16,1
DA:18,1
DA:19,0
DA:20,1
DA:21,1
DA:24,0
DA:27,1
LF:17
LH:14
BRDA:18,0,0,0
BRDA:18,0,1,1
BRDA:20,1,0,1
BRDA:20,1,1,0
BRF:4
BRH:2
end_of_record
