TN:
SF:app.js
FN:14,(anonymous_0)
FN:17,(anonymous_1)
FNF:2
FNH:1
FNDA:1,(anonymous_0)
FNDA:0,(anonymous_1)
DA:1,1
DA:2,1
DA:3,1
DA:4,1
DA:5,1
DA:6,1
DA:7,1
DA:8,1
DA:9,1
DA:11,1
DA:13,1
DA:15,1
DA:18,0
DA:21,1
DA:22,1
DA:23,1
DA:24,1
DA:26,1
DA:29,1
DA:30,1
DA:35,1
LF:21
LH:20
BRF:0
BRH:0
end_of_record
TN:
SF:controllers\blogs.js
FN:4,(anonymous_0)
FN:6,(anonymous_1)
FN:10,(anonymous_2)
FN:28,(anonymous_3)
FN:37,(anonymous_4)
FN:48,(anonymous_5)
FN:51,(anonymous_6)
FN:54,(anonymous_7)
FN:56,(anonymous_8)
FN:59,(anonymous_9)
FNF:10
FNH:3
FNDA:4,(anonymous_0)
FNDA:8,(anonymous_1)
FNDA:2,(anonymous_2)
FNDA:0,(anonymous_3)
FNDA:0,(anonymous_4)
FNDA:0,(anonymous_5)
FNDA:0,(anonymous_6)
FNDA:0,(anonymous_7)
FNDA:0,(anonymous_8)
FNDA:0,(anonymous_9)
DA:1,1
DA:2,1
DA:4,1
DA:5,4
DA:6,8
DA:10,1
DA:11,2
DA:13,2
DA:19,2
DA:20,2
DA:21,1
DA:23,1
DA:28,1
DA:29,0
DA:30,0
DA:31,0
DA:33,0
DA:37,1
DA:38,0
DA:40,0
DA:47,0
DA:49,0
DA:51,0
DA:54,1
DA:55,0
DA:57,0
DA:59,0
DA:63,1
LF:28
LH:16
BRF:0
BRH:0
end_of_record
TN:
SF:models\blog.js
FN:17,(anonymous_0)
FNF:1
FNH:1
FNDA:14,(anonymous_0)
DA:1,1
DA:3,1
DA:16,1
DA:18,14
DA:19,14
DA:20,14
DA:24,1
LF:7
LH:7
BRF:0
BRH:0
end_of_record
TN:
SF:tests\test_helper.js
FN:16,(anonymous_0)
FN:24,(anonymous_1)
FN:26,(anonymous_2)
FNF:3
FNH:2
FNDA:0,(anonymous_0)
FNDA:2,(anonymous_1)
FNDA:5,(anonymous_2)
DA:1,1
DA:3,1
DA:16,1
DA:17,0
DA:18,0
DA:19,0
DA:21,0
DA:24,1
DA:25,2
DA:26,5
DA:29,1
LF:11
LH:7
BRF:0
BRH:0
end_of_record
TN:
SF:utils\config.js
FNF:0
FNH:0
DA:1,1
DA:3,1
DA:4,1
DA:6,1
DA:7,1
DA:10,1
LF:6
LH:6
BRDA:6,0,0,1
BRDA:6,0,1,0
BRF:2
BRH:1
end_of_record
TN:
SF:utils\list_helper.js
FN:33,(anonymous_0)
FN:34,(anonymous_1)
FNF:2
FNH:2
FNDA:1,(anonymous_0)
FNDA:3,(anonymous_1)
DA:1,1
DA:33,1
DA:34,3
DA:35,1
DA:37,1
LF:5
LH:5
BRDA:34,0,0,3
BRDA:34,0,1,0
BRF:2
BRH:1
end_of_record
TN:
SF:utils\logger.js
FN:2,(anonymous_0)
FN:8,(anonymous_1)
FNF:2
FNH:1
FNDA:50,(anonymous_0)
FNDA:0,(anonymous_1)
DA:2,1
DA:3,50
DA:4,0
DA:8,1
DA:9,0
DA:12,1
LF:6
LH:4
BRDA:3,0,0,0
BRDA:3,0,1,50
BRF:2
BRH:1
end_of_record
TN:
SF:utils\middleware.js
FN:4,(anonymous_0)
FN:12,(anonymous_1)
FN:16,(anonymous_2)
FNF:3
FNH:1
FNDA:12,(anonymous_0)
FNDA:0,(anonymous_1)
FNDA:0,(anonymous_2)
DA:2,1
DA:4,1
DA:5,12
DA:6,12
DA:7,12
DA:8,12
DA:9,12
DA:12,1
DA:13,0
DA:16,1
DA:17,0
DA:19,0
DA:20,0
DA:21,0
DA:22,0
DA:25,0
DA:28,1
LF:17
LH:10
BRDA:19,0,0,0
BRDA:19,0,1,0
BRDA:19,1,0,0
BRDA:19,1,1,0
BRDA:21,2,0,0
BRDA:21,2,1,0
BRF:6
BRH:0
end_of_record
